Start testing: Jul 18 14:59 PDT
----------------------------------------------------------
1/9 Testing: TutorialRuns
1/9 Test: TutorialRuns
Command: "/Users/haoyuguo/Desktop/USC/CMake_example/build/CMake_tutorial" "25"
Directory: /Users/haoyuguo/Desktop/USC/CMake_example/build
"TutorialRuns" start time: Jul 18 14:59 PDT
Output:
----------------------------------------------------------
Computing sqrt of 25 to be 5 using log
The square root of 25 is 5
<end of output>
Test time =   0.03 sec
----------------------------------------------------------
Test Passed.
"TutorialRuns" end time: Jul 18 14:59 PDT
"TutorialRuns" time elapsed: 00:00:00
----------------------------------------------------------

2/9 Testing: TutorialUsage
2/9 Test: TutorialUsage
Command: "/Users/haoyuguo/Desktop/USC/CMake_example/build/CMake_tutorial"
Directory: /Users/haoyuguo/Desktop/USC/CMake_example/build
"TutorialUsage" start time: Jul 18 14:59 PDT
Output:
----------------------------------------------------------
/Users/haoyuguo/Desktop/USC/CMake_example/build/CMake_tutorial Version 1.0
Usage: /Users/haoyuguo/Desktop/USC/CMake_example/build/CMake_tutorial number
<end of output>
Test time =   0.03 sec
----------------------------------------------------------
Test Pass Reason:
Required regular expression found. Regex=[Usage:.*number]
"TutorialUsage" end time: Jul 18 14:59 PDT
"TutorialUsage" time elapsed: 00:00:00
----------------------------------------------------------

3/9 Testing: TutorialComp4
3/9 Test: TutorialComp4
Command: "/Users/haoyuguo/Desktop/USC/CMake_example/build/CMake_tutorial" "4"
Directory: /Users/haoyuguo/Desktop/USC/CMake_example/build
"TutorialComp4" start time: Jul 18 14:59 PDT
Output:
----------------------------------------------------------
Computing sqrt of 4 to be 2 using log
The square root of 4 is 2
<end of output>
Test time =   0.04 sec
----------------------------------------------------------
Test Pass Reason:
Required regular expression found. Regex=[4 is 2]
"TutorialComp4" end time: Jul 18 14:59 PDT
"TutorialComp4" time elapsed: 00:00:00
----------------------------------------------------------

4/9 Testing: TutorialComp9
4/9 Test: TutorialComp9
Command: "/Users/haoyuguo/Desktop/USC/CMake_example/build/CMake_tutorial" "9"
Directory: /Users/haoyuguo/Desktop/USC/CMake_example/build
"TutorialComp9" start time: Jul 18 14:59 PDT
Output:
----------------------------------------------------------
Computing sqrt of 9 to be 3 using log
The square root of 9 is 3
<end of output>
Test time =   0.04 sec
----------------------------------------------------------
Test Pass Reason:
Required regular expression found. Regex=[9 is 3]
"TutorialComp9" end time: Jul 18 14:59 PDT
"TutorialComp9" time elapsed: 00:00:00
----------------------------------------------------------

5/9 Testing: TutorialComp5
5/9 Test: TutorialComp5
Command: "/Users/haoyuguo/Desktop/USC/CMake_example/build/CMake_tutorial" "5"
Directory: /Users/haoyuguo/Desktop/USC/CMake_example/build
"TutorialComp5" start time: Jul 18 14:59 PDT
Output:
----------------------------------------------------------
Computing sqrt of 5 to be 2.23607 using log
The square root of 5 is 2.23607
<end of output>
Test time =   0.04 sec
----------------------------------------------------------
Test Pass Reason:
Required regular expression found. Regex=[5 is 2.236]
"TutorialComp5" end time: Jul 18 14:59 PDT
"TutorialComp5" time elapsed: 00:00:00
----------------------------------------------------------

6/9 Testing: TutorialComp7
6/9 Test: TutorialComp7
Command: "/Users/haoyuguo/Desktop/USC/CMake_example/build/CMake_tutorial" "7"
Directory: /Users/haoyuguo/Desktop/USC/CMake_example/build
"TutorialComp7" start time: Jul 18 14:59 PDT
Output:
----------------------------------------------------------
Computing sqrt of 7 to be 2.64575 using log
The square root of 7 is 2.64575
<end of output>
Test time =   0.03 sec
----------------------------------------------------------
Test Pass Reason:
Required regular expression found. Regex=[7 is 2.645]
"TutorialComp7" end time: Jul 18 14:59 PDT
"TutorialComp7" time elapsed: 00:00:00
----------------------------------------------------------

7/9 Testing: TutorialComp25
7/9 Test: TutorialComp25
Command: "/Users/haoyuguo/Desktop/USC/CMake_example/build/CMake_tutorial" "25"
Directory: /Users/haoyuguo/Desktop/USC/CMake_example/build
"TutorialComp25" start time: Jul 18 14:59 PDT
Output:
----------------------------------------------------------
Computing sqrt of 25 to be 5 using log
The square root of 25 is 5
<end of output>
Test time =   0.02 sec
----------------------------------------------------------
Test Pass Reason:
Required regular expression found. Regex=[25 is 5]
"TutorialComp25" end time: Jul 18 14:59 PDT
"TutorialComp25" time elapsed: 00:00:00
----------------------------------------------------------

8/9 Testing: TutorialComp-25
8/9 Test: TutorialComp-25
Command: "/Users/haoyuguo/Desktop/USC/CMake_example/build/CMake_tutorial" "-25"
Directory: /Users/haoyuguo/Desktop/USC/CMake_example/build
"TutorialComp-25" start time: Jul 18 14:59 PDT
Output:
----------------------------------------------------------
The square root of -25 is 0
<end of output>
Test time =   0.02 sec
----------------------------------------------------------
Test Pass Reason:
Required regular expression found. Regex=[-25 is 0]
"TutorialComp-25" end time: Jul 18 14:59 PDT
"TutorialComp-25" time elapsed: 00:00:00
----------------------------------------------------------

9/9 Testing: TutorialComp0.0001
9/9 Test: TutorialComp0.0001
Command: "/Users/haoyuguo/Desktop/USC/CMake_example/build/CMake_tutorial" "0.0001"
Directory: /Users/haoyuguo/Desktop/USC/CMake_example/build
"TutorialComp0.0001" start time: Jul 18 14:59 PDT
Output:
----------------------------------------------------------
Computing sqrt of 0.0001 to be 0.01 using log
The square root of 0.0001 is 0.01
<end of output>
Test time =   0.01 sec
----------------------------------------------------------
Test Pass Reason:
Required regular expression found. Regex=[0.0001 is 0.01]
"TutorialComp0.0001" end time: Jul 18 14:59 PDT
"TutorialComp0.0001" time elapsed: 00:00:00
----------------------------------------------------------

End testing: Jul 18 14:59 PDT
